android/app/build/intermediates/manifest_merge_blame_file/debug/manifest-merger-blame-debug-report.txt
1<?xml version="1.0" encoding="utf-8"?>
2<manifest xmlns:android="http://schemas.android.com/apk/res/android"
3    package="com.example.fuelify"
4    android:versionCode="1"
5    android:versionName="1.0" >
6
7    <uses-sdk
8        android:minSdkVersion="26"
9        android:targetSdkVersion="34" />
10
11    <uses-permission android:name="android.permission.INTERNET" />
11-->src/main/AndroidManifest.xml:4:5-67
11-->src/main/AndroidManifest.xml:4:22-64
12    <uses-permission android:name="android.permission.CAMERA" />
12-->src/main/AndroidManifest.xml:5:5-64
12-->src/main/AndroidManifest.xml:5:22-62
13    <uses-permission
13-->src/main/AndroidManifest.xml:6:5-7:37
14        android:name="android.permission.WRITE_EXTERNAL_STORAGE"
14-->src/main/AndroidManifest.xml:6:22-78
15        android:maxSdkVersion="28" />
15-->src/main/AndroidManifest.xml:7:9-35
16    <uses-permission
16-->src/main/AndroidManifest.xml:8:5-9:37
17        android:name="android.permission.READ_EXTERNAL_STORAGE"
17-->src/main/AndroidManifest.xml:8:22-77
18        android:maxSdkVersion="32" />
18-->src/main/AndroidManifest.xml:9:9-35
19    <uses-permission android:name="android.permission.POST_NOTIFICATIONS" />
19-->src/main/AndroidManifest.xml:10:5-76
19-->src/main/AndroidManifest.xml:10:22-74
20
21    <uses-feature
21-->src/main/AndroidManifest.xml:11:5-83
22        android:name="android.hardware.camera"
22-->src/main/AndroidManifest.xml:11:19-57
23        android:required="true" />
23-->src/main/AndroidManifest.xml:11:58-81
24    <uses-feature
24-->src/main/AndroidManifest.xml:12:5-93
25        android:name="android.hardware.camera.autofocus"
25-->src/main/AndroidManifest.xml:12:19-67
26        android:required="true" />
26-->src/main/AndroidManifest.xml:12:68-91
27
28    <queries>
28-->src/main/AndroidManifest.xml:14:5-16:15
29        <package android:name="com.talabat" />
29-->src/main/AndroidManifest.xml:15:9-47
29-->src/main/AndroidManifest.xml:15:18-44
30    </queries>
31
32    <permission
32-->[androidx.core:core:1.12.0] AndroidManifest.xml:22:5-24:47
33        android:name="com.example.fuelify.DYNAMIC_RECEIVER_NOT_EXPORTED_PERMISSION"
33-->[androidx.core:core:1.12.0] AndroidManifest.xml:23:9-81
34        android:protectionLevel="signature" />
34-->[androidx.core:core:1.12.0] AndroidManifest.xml:24:9-44
35
36    <uses-permission android:name="com.example.fuelify.DYNAMIC_RECEIVER_NOT_EXPORTED_PERMISSION" /> <!-- Although the *SdkVersion is captured in gradle build files, this is required for non gradle builds -->
36-->[androidx.core:core:1.12.0] AndroidManifest.xml:26:5-97
36-->[androidx.core:core:1.12.0] AndroidManifest.xml:26:22-94
37    <!-- <uses-sdk android:minSdkVersion="14"/> -->
38    <uses-permission android:name="android.permission.ACCESS_NETWORK_STATE" />
38-->[com.google.android.datatransport:transport-backend-cct:2.3.3] AndroidManifest.xml:25:5-79
38-->[com.google.android.datatransport:transport-backend-cct:2.3.3] AndroidManifest.xml:25:22-76
39
40    <application
40-->src/main/AndroidManifest.xml:17:5-182:19
41        android:allowBackup="true"
41-->src/main/AndroidManifest.xml:18:9-35
42        android:appComponentFactory="androidx.core.app.CoreComponentFactory"
42-->[androidx.core:core:1.12.0] AndroidManifest.xml:28:18-86
43        android:debuggable="true"
44        android:extractNativeLibs="false"
45        android:icon="@drawable/logo"
45-->src/main/AndroidManifest.xml:19:9-38
46        android:label="@string/app_name"
46-->src/main/AndroidManifest.xml:20:9-41
47        android:roundIcon="@drawable/logo"
47-->src/main/AndroidManifest.xml:21:9-43
48        android:supportsRtl="true"
48-->src/main/AndroidManifest.xml:22:9-35
49        android:testOnly="true"
50        android:theme="@style/Theme.Fuelify"
50-->src/main/AndroidManifest.xml:23:9-45
51        android:usesCleartextTraffic="true" >
51-->src/main/AndroidManifest.xml:24:9-44
52
53        <!-- Router: decides onboarding vs home -->
54        <activity
54-->src/main/AndroidManifest.xml:27:9-35:20
55            android:name="com.example.fuelify.MainActivity"
55-->src/main/AndroidManifest.xml:28:13-41
56            android:exported="true"
56-->src/main/AndroidManifest.xml:29:13-36
57            android:screenOrientation="portrait" >
57-->src/main/AndroidManifest.xml:30:13-49
58            <intent-filter>
58-->src/main/AndroidManifest.xml:31:13-34:29
59                <action android:name="android.intent.action.MAIN" />
59-->src/main/AndroidManifest.xml:32:17-69
59-->src/main/AndroidManifest.xml:32:25-66
60
61                <category android:name="android.intent.category.LAUNCHER" />
61-->src/main/AndroidManifest.xml:33:17-77
61-->src/main/AndroidManifest.xml:33:27-74
62            </intent-filter>
63        </activity>
64
65        <!-- Onboarding flow -->
66        <activity
66-->src/main/AndroidManifest.xml:38:9-42:58
67            android:name="com.example.fuelify.onboarding.OnboardingActivity"
67-->src/main/AndroidManifest.xml:39:13-58
68            android:exported="false"
68-->src/main/AndroidManifest.xml:40:13-37
69            android:screenOrientation="portrait"
69-->src/main/AndroidManifest.xml:41:13-49
70            android:windowSoftInputMode="adjustResize" />
70-->src/main/AndroidManifest.xml:42:13-55
71
72        <!-- Home / Dashboard -->
73        <activity
73-->src/main/AndroidManifest.xml:45:9-48:52
74            android:name="com.example.fuelify.home.HomeActivity"
74-->src/main/AndroidManifest.xml:46:13-46
75            android:exported="false"
75-->src/main/AndroidManifest.xml:47:13-37
76            android:screenOrientation="portrait" />
76-->src/main/AndroidManifest.xml:48:13-49
77        <activity
77-->src/main/AndroidManifest.xml:50:9-53:51
78            android:name="com.example.fuelify.home.MealsListActivity"
78-->src/main/AndroidManifest.xml:51:13-51
79            android:exported="false"
79-->src/main/AndroidManifest.xml:52:13-37
80            android:screenOrientation="portrait" />
80-->src/main/AndroidManifest.xml:53:13-49
81        <activity
81-->src/main/AndroidManifest.xml:55:9-116
82            android:name="com.example.fuelify.home.DietActivity"
82-->src/main/AndroidManifest.xml:55:19-52
83            android:exported="false"
83-->src/main/AndroidManifest.xml:55:53-77
84            android:screenOrientation="portrait" />
84-->src/main/AndroidManifest.xml:55:78-114
85        <activity
85-->src/main/AndroidManifest.xml:56:9-126
86            android:name="com.example.fuelify.home.MealSchedulingActivity"
86-->src/main/AndroidManifest.xml:56:19-62
87            android:exported="false"
87-->src/main/AndroidManifest.xml:56:63-87
88            android:screenOrientation="portrait" />
88-->src/main/AndroidManifest.xml:56:88-124
89        <activity
89-->src/main/AndroidManifest.xml:57:9-59:51
90            android:name="com.example.fuelify.home.MealDetailActivity"
90-->src/main/AndroidManifest.xml:57:19-58
91            android:exported="false"
91-->src/main/AndroidManifest.xml:58:13-37
92            android:screenOrientation="portrait" />
92-->src/main/AndroidManifest.xml:59:13-49
93        <activity
93-->src/main/AndroidManifest.xml:61:9-63:51
94            android:name="com.example.fuelify.home.RecipesActivity"
94-->src/main/AndroidManifest.xml:61:19-55
95            android:exported="false"
95-->src/main/AndroidManifest.xml:62:13-37
96            android:screenOrientation="portrait" />
96-->src/main/AndroidManifest.xml:63:13-49
97        <activity
97-->src/main/AndroidManifest.xml:65:9-124
98            android:name="com.example.fuelify.home.MealDeliveryActivity"
98-->src/main/AndroidManifest.xml:65:19-60
99            android:exported="false"
99-->src/main/AndroidManifest.xml:65:61-85
100            android:screenOrientation="portrait" />
100-->src/main/AndroidManifest.xml:65:86-122
101        <activity
101-->src/main/AndroidManifest.xml:66:9-124
102            android:name="com.example.fuelify.home.CloudKitchenActivity"
102-->src/main/AndroidManifest.xml:66:19-60
103            android:exported="false"
103-->src/main/AndroidManifest.xml:66:61-85
104            android:screenOrientation="portrait" />
104-->src/main/AndroidManifest.xml:66:86-122
105        <activity
105-->src/main/AndroidManifest.xml:67:9-130
106            android:name="com.example.fuelify.home.CloudKitchenStatusActivity"
106-->src/main/AndroidManifest.xml:67:19-66
107            android:exported="false"
107-->src/main/AndroidManifest.xml:67:67-91
108            android:screenOrientation="portrait" />
108-->src/main/AndroidManifest.xml:67:92-128
109        <activity
109-->src/main/AndroidManifest.xml:69:9-72:39
110            android:name="com.example.fuelify.home.GroceryActivity"
110-->src/main/AndroidManifest.xml:70:13-49
111            android:exported="false"
111-->src/main/AndroidManifest.xml:72:13-37
112            android:screenOrientation="portrait" />
112-->src/main/AndroidManifest.xml:71:13-49
113        <activity
113-->src/main/AndroidManifest.xml:74:9-77:39
114            android:name="com.example.fuelify.home.SmartPantryActivity"
114-->src/main/AndroidManifest.xml:75:13-53
115            android:exported="false"
115-->src/main/AndroidManifest.xml:77:13-37
116            android:screenOrientation="portrait" />
116-->src/main/AndroidManifest.xml:76:13-49
117        <activity
117-->src/main/AndroidManifest.xml:79:9-82:39
118            android:name="com.example.fuelify.home.FamilyDietActivity"
118-->src/main/AndroidManifest.xml:80:13-52
119            android:exported="false"
119-->src/main/AndroidManifest.xml:82:13-37
120            android:screenOrientation="portrait" />
120-->src/main/AndroidManifest.xml:81:13-49
121        <activity
121-->src/main/AndroidManifest.xml:83:9-86:39
122            android:name="com.example.fuelify.home.FamilyDashboardActivity"
122-->src/main/AndroidManifest.xml:84:13-57
123            android:exported="false"
123-->src/main/AndroidManifest.xml:86:13-37
124            android:screenOrientation="portrait" />
124-->src/main/AndroidManifest.xml:85:13-49
125        <activity
125-->src/main/AndroidManifest.xml:88:9-91:39
126            android:name="com.example.fuelify.home.EcoSustainabilityActivity"
126-->src/main/AndroidManifest.xml:89:13-59
127            android:exported="false"
127-->src/main/AndroidManifest.xml:91:13-37
128            android:screenOrientation="portrait" />
128-->src/main/AndroidManifest.xml:90:13-49
129        <activity
129-->src/main/AndroidManifest.xml:93:9-96:39
130            android:name="com.example.fuelify.home.ProductScanActivity"
130-->src/main/AndroidManifest.xml:94:13-53
131            android:exported="false"
131-->src/main/AndroidManifest.xml:96:13-37
132            android:screenOrientation="portrait" />
132-->src/main/AndroidManifest.xml:95:13-49
133        <activity
133-->src/main/AndroidManifest.xml:98:9-127
134            android:name="com.example.fuelify.home.WorkoutHomeActivity"
134-->src/main/AndroidManifest.xml:98:19-59
135            android:exported="false"
135-->src/main/AndroidManifest.xml:98:101-125
136            android:screenOrientation="portrait" />
136-->src/main/AndroidManifest.xml:98:64-100
137        <activity
137-->src/main/AndroidManifest.xml:99:9-127
138            android:name="com.example.fuelify.home.WorkoutCategoryActivity"
138-->src/main/AndroidManifest.xml:99:19-63
139            android:exported="false"
139-->src/main/AndroidManifest.xml:99:101-125
140            android:screenOrientation="portrait" />
140-->src/main/AndroidManifest.xml:99:64-100
141        <activity
141-->src/main/AndroidManifest.xml:100:9-127
142            android:name="com.example.fuelify.home.WorkoutListActivity"
142-->src/main/AndroidManifest.xml:100:19-59
143            android:exported="false"
143-->src/main/AndroidManifest.xml:100:101-125
144            android:screenOrientation="portrait" />
144-->src/main/AndroidManifest.xml:100:64-100
145        <activity
145-->src/main/AndroidManifest.xml:101:9-127
146            android:name="com.example.fuelify.home.WorkoutDetailActivity"
146-->src/main/AndroidManifest.xml:101:19-61
147            android:exported="false"
147-->src/main/AndroidManifest.xml:101:101-125
148            android:screenOrientation="portrait" />
148-->src/main/AndroidManifest.xml:101:64-100
149        <activity
149-->src/main/AndroidManifest.xml:102:9-127
150            android:name="com.example.fuelify.home.ExerciseListActivity"
150-->src/main/AndroidManifest.xml:102:19-60
151            android:exported="false"
151-->src/main/AndroidManifest.xml:102:101-125
152            android:screenOrientation="portrait" />
152-->src/main/AndroidManifest.xml:102:64-100
153        <activity
153-->src/main/AndroidManifest.xml:104:9-127
154            android:name="com.example.fuelify.home.ActiveWorkoutActivity"
154-->src/main/AndroidManifest.xml:104:19-61
155            android:exported="false"
155-->src/main/AndroidManifest.xml:104:101-125
156            android:screenOrientation="portrait" />
156-->src/main/AndroidManifest.xml:104:64-100
157        <activity
157-->src/main/AndroidManifest.xml:105:9-127
158            android:name="com.example.fuelify.home.WorkoutSummaryActivity"
158-->src/main/AndroidManifest.xml:105:19-62
159            android:exported="false"
159-->src/main/AndroidManifest.xml:105:101-125
160            android:screenOrientation="portrait" />
160-->src/main/AndroidManifest.xml:105:64-100
161        <activity
161-->src/main/AndroidManifest.xml:106:9-127
162            android:name="com.example.fuelify.home.CustomWorkoutActivity"
162-->src/main/AndroidManifest.xml:106:19-61
163            android:exported="false"
163-->src/main/AndroidManifest.xml:106:101-125
164            android:screenOrientation="portrait" />
164-->src/main/AndroidManifest.xml:106:64-100
165        <activity
165-->src/main/AndroidManifest.xml:108:9-130
166            android:name="com.example.fuelify.home.MedicalInformationActivity"
166-->src/main/AndroidManifest.xml:108:19-66
167            android:exported="false"
167-->src/main/AndroidManifest.xml:108:104-128
168            android:screenOrientation="portrait" />
168-->src/main/AndroidManifest.xml:108:67-103
169        <activity
169-->src/main/AndroidManifest.xml:109:9-130
170            android:name="com.example.fuelify.home.MedicalAlertsActivity"
170-->src/main/AndroidManifest.xml:109:19-61
171            android:exported="false"
171-->src/main/AndroidManifest.xml:109:104-128
172            android:screenOrientation="portrait" />
172-->src/main/AndroidManifest.xml:109:67-103
173        <activity
173-->src/main/AndroidManifest.xml:110:9-130
174            android:name="com.example.fuelify.home.SmartPlanActivity"
174-->src/main/AndroidManifest.xml:110:19-57
175            android:exported="false"
175-->src/main/AndroidManifest.xml:110:104-128
176            android:screenOrientation="portrait" />
176-->src/main/AndroidManifest.xml:110:67-103
177        <activity
177-->src/main/AndroidManifest.xml:111:9-130
178            android:name="com.example.fuelify.home.HealthReportActivity"
178-->src/main/AndroidManifest.xml:111:19-60
179            android:exported="false"
179-->src/main/AndroidManifest.xml:111:104-128
180            android:screenOrientation="portrait" />
180-->src/main/AndroidManifest.xml:111:67-103
181        <activity
181-->src/main/AndroidManifest.xml:112:9-130
182            android:name="com.example.fuelify.home.DoctorConsultationActivity"
182-->src/main/AndroidManifest.xml:112:19-66
183            android:exported="false"
183-->src/main/AndroidManifest.xml:112:104-128
184            android:screenOrientation="portrait" />
184-->src/main/AndroidManifest.xml:112:67-103
185        <activity
185-->src/main/AndroidManifest.xml:113:9-120
186            android:name="com.example.fuelify.auth.ProfileActivity"
186-->src/main/AndroidManifest.xml:113:19-55
187            android:exported="false"
187-->src/main/AndroidManifest.xml:113:94-118
188            android:screenOrientation="portrait" />
188-->src/main/AndroidManifest.xml:113:57-93
189        <activity
189-->src/main/AndroidManifest.xml:115:9-125
190            android:name="com.example.fuelify.home.SavedRecipesActivity"
190-->src/main/AndroidManifest.xml:115:19-60
191            android:exported="false"
191-->src/main/AndroidManifest.xml:115:99-123
192            android:screenOrientation="portrait" />
192-->src/main/AndroidManifest.xml:115:62-98
193        <activity
193-->src/main/AndroidManifest.xml:116:9-121
194            android:name="com.example.fuelify.home.SpinWheelActivity"
194-->src/main/AndroidManifest.xml:116:19-57
195            android:exported="false"
195-->src/main/AndroidManifest.xml:116:95-119
196            android:screenOrientation="portrait" />
196-->src/main/AndroidManifest.xml:116:58-94
197        <activity
197-->src/main/AndroidManifest.xml:117:9-117
198            android:name="com.example.fuelify.home.BingoActivity"
198-->src/main/AndroidManifest.xml:117:19-53
199            android:exported="false"
199-->src/main/AndroidManifest.xml:117:91-115
200            android:screenOrientation="portrait" />
200-->src/main/AndroidManifest.xml:117:54-90
201
202        <!-- Statistics tab -->
203        <activity
203-->src/main/AndroidManifest.xml:120:9-136
204            android:name="com.example.fuelify.statistics.WaterHomeActivity"
204-->src/main/AndroidManifest.xml:120:19-63
205            android:exported="false"
205-->src/main/AndroidManifest.xml:120:110-134
206            android:screenOrientation="portrait" />
206-->src/main/AndroidManifest.xml:120:73-109
207        <activity
207-->src/main/AndroidManifest.xml:121:9-136
208            android:name="com.example.fuelify.statistics.WaterIntakeActivity"
208-->src/main/AndroidManifest.xml:121:19-65
209            android:exported="false"
209-->src/main/AndroidManifest.xml:121:110-134
210            android:screenOrientation="portrait" />
210-->src/main/AndroidManifest.xml:121:73-109
211        <activity
211-->src/main/AndroidManifest.xml:122:9-136
212            android:name="com.example.fuelify.statistics.WaterStatisticsActivity"
212-->src/main/AndroidManifest.xml:122:19-69
213            android:exported="false"
213-->src/main/AndroidManifest.xml:122:110-134
214            android:screenOrientation="portrait" />
214-->src/main/AndroidManifest.xml:122:73-109
215        <activity
215-->src/main/AndroidManifest.xml:123:9-136
216            android:name="com.example.fuelify.statistics.WaterRemindersActivity"
216-->src/main/AndroidManifest.xml:123:19-68
217            android:exported="false"
217-->src/main/AndroidManifest.xml:123:110-134
218            android:screenOrientation="portrait" />
218-->src/main/AndroidManifest.xml:123:73-109
219        <activity
219-->src/main/AndroidManifest.xml:124:9-136
220            android:name="com.example.fuelify.statistics.SleepTrackerActivity"
220-->src/main/AndroidManifest.xml:124:19-66
221            android:exported="false"
221-->src/main/AndroidManifest.xml:124:110-134
222            android:screenOrientation="portrait" />
222-->src/main/AndroidManifest.xml:124:73-109
223        <activity
223-->src/main/AndroidManifest.xml:125:9-136
224            android:name="com.example.fuelify.statistics.SleepScheduleActivity"
224-->src/main/AndroidManifest.xml:125:19-67
225            android:exported="false"
225-->src/main/AndroidManifest.xml:125:110-134
226            android:screenOrientation="portrait" />
226-->src/main/AndroidManifest.xml:125:73-109
227        <activity
227-->src/main/AndroidManifest.xml:126:9-136
228            android:name="com.example.fuelify.statistics.SleepAddAlarmActivity"
228-->src/main/AndroidManifest.xml:126:19-67
229            android:exported="false"
229-->src/main/AndroidManifest.xml:126:110-134
230            android:screenOrientation="portrait" />
230-->src/main/AndroidManifest.xml:126:73-109
231        <activity
231-->src/main/AndroidManifest.xml:127:9-136
232            android:name="com.example.fuelify.statistics.MoodHomeActivity"
232-->src/main/AndroidManifest.xml:127:19-62
233            android:exported="false"
233-->src/main/AndroidManifest.xml:127:110-134
234            android:screenOrientation="portrait" />
234-->src/main/AndroidManifest.xml:127:73-109
235        <activity
235-->src/main/AndroidManifest.xml:128:9-138
236            android:name="com.example.fuelify.statistics.MoodFeelingSelectionActivity"
236-->src/main/AndroidManifest.xml:128:19-74
237            android:exported="false"
237-->src/main/AndroidManifest.xml:128:112-136
238            android:screenOrientation="portrait" />
238-->src/main/AndroidManifest.xml:128:75-111
239        <activity
239-->src/main/AndroidManifest.xml:129:9-136
240            android:name="com.example.fuelify.statistics.MoodStatsActivity"
240-->src/main/AndroidManifest.xml:129:19-63
241            android:exported="false"
241-->src/main/AndroidManifest.xml:129:110-134
242            android:screenOrientation="portrait" />
242-->src/main/AndroidManifest.xml:129:73-109
243        <activity
243-->src/main/AndroidManifest.xml:130:9-136
244            android:name="com.example.fuelify.statistics.MoodTipsHappyActivity"
244-->src/main/AndroidManifest.xml:130:19-67
245            android:exported="false"
245-->src/main/AndroidManifest.xml:130:110-134
246            android:screenOrientation="portrait" />
246-->src/main/AndroidManifest.xml:130:73-109
247        <activity
247-->src/main/AndroidManifest.xml:131:9-136
248            android:name="com.example.fuelify.statistics.MoodTipsSadActivity"
248-->src/main/AndroidManifest.xml:131:19-65
249            android:exported="false"
249-->src/main/AndroidManifest.xml:131:110-134
250            android:screenOrientation="portrait" />
250-->src/main/AndroidManifest.xml:131:73-109
251        <activity
251-->src/main/AndroidManifest.xml:132:9-136
252            android:name="com.example.fuelify.statistics.MoodTipsOkayActivity"
252-->src/main/AndroidManifest.xml:132:19-66
253            android:exported="false"
253-->src/main/AndroidManifest.xml:132:110-134
254            android:screenOrientation="portrait" />
254-->src/main/AndroidManifest.xml:132:73-109
255        <activity
255-->src/main/AndroidManifest.xml:133:9-136
256            android:name="com.example.fuelify.statistics.MoodTipsAngryActivity"
256-->src/main/AndroidManifest.xml:133:19-67
257            android:exported="false"
257-->src/main/AndroidManifest.xml:133:110-134
258            android:screenOrientation="portrait" />
258-->src/main/AndroidManifest.xml:133:73-109
259        <activity
259-->src/main/AndroidManifest.xml:134:9-136
260            android:name="com.example.fuelify.statistics.BloodPressureHomeActivity"
260-->src/main/AndroidManifest.xml:134:19-71
261            android:exported="false"
261-->src/main/AndroidManifest.xml:134:110-134
262            android:screenOrientation="portrait" />
262-->src/main/AndroidManifest.xml:134:73-109
263        <activity
263-->src/main/AndroidManifest.xml:135:9-136
264            android:name="com.example.fuelify.statistics.BloodPressureAddActivity"
264-->src/main/AndroidManifest.xml:135:19-70
265            android:exported="false"
265-->src/main/AndroidManifest.xml:135:110-134
266            android:screenOrientation="portrait" />
266-->src/main/AndroidManifest.xml:135:73-109
267        <activity
267-->src/main/AndroidManifest.xml:136:9-136
268            android:name="com.example.fuelify.statistics.BloodPressureStatsActivity"
268-->src/main/AndroidManifest.xml:136:19-72
269            android:exported="false"
269-->src/main/AndroidManifest.xml:136:110-134
270            android:screenOrientation="portrait" />
270-->src/main/AndroidManifest.xml:136:73-109
271        <activity
271-->src/main/AndroidManifest.xml:137:9-136
272            android:name="com.example.fuelify.statistics.BloodSugarAddActivity"
272-->src/main/AndroidManifest.xml:137:19-67
273            android:exported="false"
273-->src/main/AndroidManifest.xml:137:110-134
274            android:screenOrientation="portrait" />
274-->src/main/AndroidManifest.xml:137:73-109
275        <activity
275-->src/main/AndroidManifest.xml:138:9-136
276            android:name="com.example.fuelify.statistics.BodyStatisticsActivity"
276-->src/main/AndroidManifest.xml:138:19-68
277            android:exported="false"
277-->src/main/AndroidManifest.xml:138:110-134
278            android:screenOrientation="portrait" />
278-->src/main/AndroidManifest.xml:138:73-109
279        <activity
279-->src/main/AndroidManifest.xml:139:9-136
280            android:name="com.example.fuelify.statistics.BodyAnalysisActivity"
280-->src/main/AndroidManifest.xml:139:19-66
281            android:exported="false"
281-->src/main/AndroidManifest.xml:139:110-134
282            android:screenOrientation="portrait" />
282-->src/main/AndroidManifest.xml:139:73-109
283        <activity
283-->src/main/AndroidManifest.xml:140:9-136
284            android:name="com.example.fuelify.statistics.BodyRecognitionActivity"
284-->src/main/AndroidManifest.xml:140:19-69
285            android:exported="false"
285-->src/main/AndroidManifest.xml:140:110-134
286            android:screenOrientation="portrait" />
286-->src/main/AndroidManifest.xml:140:73-109
287
288        <!-- Doctor -->
289        <activity
289-->src/main/AndroidManifest.xml:143:9-130
290            android:name="com.example.fuelify.doctor.DoctorOnboardingActivity"
290-->src/main/AndroidManifest.xml:143:19-66
291            android:exported="false"
291-->src/main/AndroidManifest.xml:143:104-128
292            android:screenOrientation="portrait" />
292-->src/main/AndroidManifest.xml:143:67-103
293        <activity
293-->src/main/AndroidManifest.xml:144:9-127
294            android:name="com.example.fuelify.doctor.DoctorPendingActivity"
294-->src/main/AndroidManifest.xml:144:19-63
295            android:exported="false"
295-->src/main/AndroidManifest.xml:144:101-125
296            android:screenOrientation="portrait" />
296-->src/main/AndroidManifest.xml:144:64-100
297        <activity
297-->src/main/AndroidManifest.xml:145:9-124
298            android:name="com.example.fuelify.doctor.DoctorHomeActivity"
298-->src/main/AndroidManifest.xml:145:19-60
299            android:exported="false"
299-->src/main/AndroidManifest.xml:145:98-122
300            android:screenOrientation="portrait" />
300-->src/main/AndroidManifest.xml:145:61-97
301        <activity
301-->src/main/AndroidManifest.xml:146:9-124
302            android:name="com.example.fuelify.doctor.DoctorCaseActivity"
302-->src/main/AndroidManifest.xml:146:19-60
303            android:exported="false"
303-->src/main/AndroidManifest.xml:146:98-122
304            android:screenOrientation="portrait" />
304-->src/main/AndroidManifest.xml:146:61-97
305        <activity
305-->src/main/AndroidManifest.xml:147:9-126
306            android:name="com.example.fuelify.doctor.DoctorWalletActivity"
306-->src/main/AndroidManifest.xml:147:19-62
307            android:exported="false"
307-->src/main/AndroidManifest.xml:147:100-124
308            android:screenOrientation="portrait" />
308-->src/main/AndroidManifest.xml:147:63-99
309        <!-- Friend's auth + profile screens -->
310        <activity
310-->src/main/AndroidManifest.xml:149:9-112
311            android:name="com.example.fuelify.auth.WelcomeActivity"
311-->src/main/AndroidManifest.xml:149:19-55
312            android:windowSoftInputMode="stateHidden|adjustResize" />
312-->src/main/AndroidManifest.xml:149:56-110
313        <activity
313-->src/main/AndroidManifest.xml:150:9-110
314            android:name="com.example.fuelify.auth.LoginActivity"
314-->src/main/AndroidManifest.xml:150:19-53
315            android:windowSoftInputMode="stateHidden|adjustResize" />
315-->src/main/AndroidManifest.xml:150:54-108
316        <activity
316-->src/main/AndroidManifest.xml:151:9-111
317            android:name="com.example.fuelify.auth.SignUpActivity"
317-->src/main/AndroidManifest.xml:151:19-54
318            android:windowSoftInputMode="stateHidden|adjustResize" />
318-->src/main/AndroidManifest.xml:151:55-109
319        <activity
319-->src/main/AndroidManifest.xml:152:9-117
320            android:name="com.example.fuelify.auth.VerificationActivity"
320-->src/main/AndroidManifest.xml:152:19-60
321            android:windowSoftInputMode="stateHidden|adjustResize" />
321-->src/main/AndroidManifest.xml:152:61-115
322        <activity
322-->src/main/AndroidManifest.xml:153:9-119
323            android:name="com.example.fuelify.auth.ForgotPasswordActivity"
323-->src/main/AndroidManifest.xml:153:19-62
324            android:windowSoftInputMode="stateHidden|adjustResize" />
324-->src/main/AndroidManifest.xml:153:63-117
325        <activity
325-->src/main/AndroidManifest.xml:154:9-119
326            android:name="com.example.fuelify.auth.SetNewPasswordActivity"
326-->src/main/AndroidManifest.xml:154:19-62
327            android:windowSoftInputMode="stateHidden|adjustResize" />
327-->src/main/AndroidManifest.xml:154:63-117
328        <activity
328-->src/main/AndroidManifest.xml:155:9-122
329            android:name="com.example.fuelify.auth.VerifyEmailChangeActivity"
329-->src/main/AndroidManifest.xml:155:19-65
330            android:windowSoftInputMode="stateHidden|adjustResize" />
330-->src/main/AndroidManifest.xml:155:66-120
331        <activity
331-->src/main/AndroidManifest.xml:156:9-116
332            android:name="com.example.fuelify.auth.EditProfileActivity"
332-->src/main/AndroidManifest.xml:156:19-59
333            android:windowSoftInputMode="stateHidden|adjustResize" />
333-->src/main/AndroidManifest.xml:156:60-114
334        <activity
334-->src/main/AndroidManifest.xml:157:9-118
335            android:name="com.example.fuelify.auth.DeleteAccountActivity"
335-->src/main/AndroidManifest.xml:157:19-61
336            android:windowSoftInputMode="stateHidden|adjustResize" />
336-->src/main/AndroidManifest.xml:157:62-116
337        <activity
337-->src/main/AndroidManifest.xml:158:9-116